<?xml version="1.0" encoding="UTF-8"?>
<!-- Generated by org.testng.reporters.JUnitReportReporter -->
<testsuite skipped="0" hostname="NB-003934" name="indicador.ValidaIndicadorProdutoTest" tests="1" failures="0" timestamp="18 Sep 2018 22:19:11 GMT" time="12.347" errors="0">
  <testcase name="feature" time="12.347" classname="indicador.ValidaIndicadorProdutoTest"/>
</testsuite> <!-- indicador.ValidaIndicadorProdutoTest -->
