<?xml version="1.0" encoding="UTF-8"?>
<!-- Generated by org.testng.reporters.JUnitReportReporter -->
<testsuite skipped="0" hostname="NB-003934" name="indicador.ValidaPostIndicadorTest" tests="1" failures="0" timestamp="18 Sep 2018 22:19:11 GMT" time="3.441" errors="0">
  <testcase name="feature" time="3.441" classname="indicador.ValidaPostIndicadorTest"/>
</testsuite> <!-- indicador.ValidaPostIndicadorTest -->
