<?xml version="1.0" encoding="UTF-8"?>
<!-- Generated by org.testng.reporters.JUnitReportReporter -->
<testsuite skipped="0" hostname="NB-003934" name="indicador.ValidaIndicadorConfiguracaoTest" tests="1" failures="0" timestamp="18 Sep 2018 22:19:11 GMT" time="13.651" errors="0">
  <testcase name="feature" time="13.651" classname="indicador.ValidaIndicadorConfiguracaoTest"/>
</testsuite> <!-- indicador.ValidaIndicadorConfiguracaoTest -->
